<?xml version="1.0" encoding="UTF-8"?>
<!-- Generated by org.testng.reporters.JUnitXMLReporter -->
<testsuite ignored="1" hostname="Singarajan" failures="0" tests="7" name="DeleteTest" time="13.603" errors="0" timestamp="05 Jan 2023 10:15:06 GMT">
  <testcase classname="com.AssessmentSection.DeleteRequest" name="testForDELETEAll" time="0.942"/>
  <testcase classname="com.AssessmentSection.DeleteRequest" name="testForDELETEAll" time="1.0"/>
  <testcase classname="com.AssessmentSection.DeleteRequest" name="testForDELETEAll" time="0.994"/>
  <testcase classname="com.AssessmentSection.DeleteRequest" name="testForDELETEAll" time="0.986"/>
  <testcase classname="com.AssessmentSection.DeleteRequest" name="testForDELETEAll" time="1.007"/>
  <testcase classname="com.AssessmentSection.DeleteRequest" name="testForDELETEAll" time="7.596"/>
  <testcase classname="com.AssessmentSection.DeleteRequest" name="testForDELETEAll" time="1.005"/>
  <testcase classname="com.AssessmentSection.DeleteRequest" name="testForDELETE" time="0.0">
    <ignored/>
  </testcase> <!-- testForDELETE -->
</testsuite> <!-- DeleteTest -->
