<?xml version="1.0" encoding="UTF-8"?>
<!-- Generated by org.testng.reporters.JUnitXMLReporter -->
<testsuite ignored="8" hostname="Singarajan" failures="0" tests="1" name="DELETEAll" time="12.842" errors="0" timestamp="03 Jan 2023 19:15:40 GMT">
  <testcase classname="com.ELI_Assesments.Assesments_Template" name="testForDELETEAll" time="12.57"/>
  <testcase classname="com.ApiRequests.PostRequest" name="testForPOST3" time="0.0">
    <ignored/>
  </testcase> <!-- testForPOST3 -->
  <testcase classname="com.ELI_Assesments.Assesments_Template" name="testForPOST" time="0.0">
    <ignored/>
  </testcase> <!-- testForPOST -->
  <testcase classname="com.ELI_Assesments.Assesments_Template" name="testForDELETE" time="0.0">
    <ignored/>
  </testcase> <!-- testForDELETE -->
  <testcase classname="com.ApiRequests.PostRequest" name="testForPOST2" time="0.0">
    <ignored/>
  </testcase> <!-- testForPOST2 -->
  <testcase classname="com.ApiRequests.PostRequest" name="testForPOST1" time="0.0">
    <ignored/>
  </testcase> <!-- testForPOST1 -->
  <testcase classname="com.ELI_Assesments.Assesments_Template" name="testForGET" time="0.0">
    <ignored/>
  </testcase> <!-- testForGET -->
  <testcase classname="com.ELI_Assesments.Assesments_Template" name="testForPOSTVerification" time="0.0">
    <ignored/>
  </testcase> <!-- testForPOSTVerification -->
  <testcase classname="com.ApiRequests.PostRequest" name="testForPOST4" time="0.0">
    <ignored/>
  </testcase> <!-- testForPOST4 -->
</testsuite> <!-- DELETEAll -->
