<?xml version="1.0" encoding="UTF-8"?>
<!-- Generated by org.testng.reporters.JUnitXMLReporter -->
<testsuite ignored="0" hostname="Singarajan" failures="0" tests="7" name="DeleteAllTest" time="16.656" errors="0" timestamp="09 Jan 2023 08:15:47 GMT">
  <testcase classname="com.AssessmentDimension.DeleteRequest" name="testForDELETEAll" time="1.432"/>
  <testcase classname="com.AssessmentDimension.DeleteRequest" name="testForDELETEAll" time="1.772"/>
  <testcase classname="com.AssessmentDimension.DeleteRequest" name="testForDELETEAll" time="1.126"/>
  <testcase classname="com.AssessmentDimension.DeleteRequest" name="testForDELETEAll" time="1.507"/>
  <testcase classname="com.AssessmentDimension.DeleteRequest" name="testForDELETEAll" time="1.658"/>
  <testcase classname="com.AssessmentDimension.DeleteRequest" name="testForDELETEAll" time="1.669"/>
  <testcase classname="com.AssessmentDimension.DeleteRequest" name="testForDELETEAll" time="7.006"/>
</testsuite> <!-- DeleteAllTest -->
