<?xml version="1.0" encoding="UTF-8"?>
<!-- Generated by org.testng.reporters.JUnitXMLReporter -->
<testsuite ignored="4" hostname="Singarajan" failures="1" tests="2" name="GET" time="17.062" errors="0" timestamp="30 Dec 2022 13:12:03 GMT">
  <testcase classname="com.ELI_Assesments.Config_Assesments" name="testForGETandPUT" time="16.27"/>
  <testcase classname="com.ELI_Assesments.Config_Assesments" name="testForGETandPUT" time="16.775">
    <failure type="org.testng.internal.reflect.MethodMatcherException" message="
Data provider mismatch
Method: testForGETandPUT([Parameter{index=0, type=java.lang.String, declaredAnnotations=[]}, Parameter{index=1, type=java.lang.String, declaredAnnotations=[]}])
Arguments: [(java.lang.String) logicalre,(java.lang.Integer) 23]">
      <![CDATA[org.testng.internal.reflect.MethodMatcherException: 
Data provider mismatch
Method: testForGETandPUT([Parameter{index=0, type=java.lang.String, declaredAnnotations=[]}, Parameter{index=1, type=java.lang.String, declaredAnnotations=[]}])
Arguments: [(java.lang.String) logicalre,(java.lang.Integer) 23]
... Removed 20 stack frames]]>
    </failure>
  </testcase> <!-- testForGETandPUT -->
  <testcase classname="com.ELI_Assesments.Config_Assesments" name="testForPUT" time="0.0">
    <ignored/>
  </testcase> <!-- testForPUT -->
  <testcase classname="com.ELI_Assesments.Config_Assesments" name="testForPOST" time="0.0">
    <ignored/>
  </testcase> <!-- testForPOST -->
  <testcase classname="com.ELI_Assesments.Config_Assesments" name="testForDELETE" time="0.0">
    <ignored/>
  </testcase> <!-- testForDELETE -->
  <testcase classname="com.ELI_Assesments.Config_Assesments" name="testForGET" time="0.0">
    <ignored/>
  </testcase> <!-- testForGET -->
</testsuite> <!-- GET -->
