<?xml version="1.0" encoding="UTF-8"?>
<!-- Generated by org.testng.reporters.JUnitXMLReporter -->
<testsuite ignored="2" hostname="Singarajan" failures="0" tests="0" time="0.041" errors="0" timestamp="05 Jan 2023 12:35:12 GMT">
  <testcase classname="com.AssessmentDimension.DeleteRequest" name="testForDELETEAll" time="0.0">
    <ignored/>
  </testcase> <!-- testForDELETEAll -->
  <testcase classname="com.AssessmentDimension.DeleteRequest" name="testForDELETE" time="0.0">
    <ignored/>
  </testcase> <!-- testForDELETE -->
</testsuite>
