<?xml version="1.0" encoding="UTF-8"?>
<!-- Generated by org.testng.reporters.JUnitXMLReporter -->
<testsuite hostname="Singarajan" ignored="0" name="GetTest" tests="56" failures="56" timestamp="20 Jan 2023 12:46:30 GMT" time="135.14" errors="0">
  <testcase name="testForGET" time="29.241" classname="com.AssessmentDimension.GetRequest">
    <failure type="java.lang.NullPointerException">
      <![CDATA[java.lang.NullPointerException
at com.AssessmentDimension.GetRequest.testForGET(GetRequest.java:34)
... Removed 25 stack frames]]>
    </failure>
  </testcase> <!-- testForGET -->
  <testcase name="testForGET" time="1.455" classname="com.AssessmentDimension.GetRequest">
    <failure type="java.lang.NullPointerException">
      <![CDATA[java.lang.NullPointerException
at com.AssessmentDimension.GetRequest.testForGET(GetRequest.java:34)
... Removed 25 stack frames]]>
    </failure>
  </testcase> <!-- testForGET -->
  <testcase name="testForGET" time="1.429" classname="com.AssessmentDimension.GetRequest">
    <failure type="java.lang.NullPointerException">
      <![CDATA[java.lang.NullPointerException
at com.AssessmentDimension.GetRequest.testForGET(GetRequest.java:34)
... Removed 25 stack frames]]>
    </failure>
  </testcase> <!-- testForGET -->
  <testcase name="testForGET" time="1.439" classname="com.AssessmentDimension.GetRequest">
    <failure type="java.lang.NullPointerException">
      <![CDATA[java.lang.NullPointerException
at com.AssessmentDimension.GetRequest.testForGET(GetRequest.java:34)
... Removed 25 stack frames]]>
    </failure>
  </testcase> <!-- testForGET -->
  <testcase name="testForGET" time="1.461" classname="com.AssessmentDimension.GetRequest">
    <failure type="java.lang.NullPointerException">
      <![CDATA[java.lang.NullPointerException
at com.AssessmentDimension.GetRequest.testForGET(GetRequest.java:34)
... Removed 25 stack frames]]>
    </failure>
  </testcase> <!-- testForGET -->
  <testcase name="testForGET" time="1.486" classname="com.AssessmentDimension.GetRequest">
    <failure type="java.lang.NullPointerException">
      <![CDATA[java.lang.NullPointerException
at com.AssessmentDimension.GetRequest.testForGET(GetRequest.java:34)
... Removed 25 stack frames]]>
    </failure>
  </testcase> <!-- testForGET -->
  <testcase name="testForGET" time="1.458" classname="com.AssessmentDimension.GetRequest">
    <failure type="java.lang.NullPointerException">
      <![CDATA[java.lang.NullPointerException
at com.AssessmentDimension.GetRequest.testForGET(GetRequest.java:34)
... Removed 25 stack frames]]>
    </failure>
  </testcase> <!-- testForGET -->
  <testcase name="testForGET" time="1.447" classname="com.AssessmentDimension.GetRequest">
    <failure type="java.lang.NullPointerException">
      <![CDATA[java.lang.NullPointerException
at com.AssessmentDimension.GetRequest.testForGET(GetRequest.java:34)
... Removed 25 stack frames]]>
    </failure>
  </testcase> <!-- testForGET -->
  <testcase name="testForGET" time="1.435" classname="com.AssessmentDimension.GetRequest">
    <failure type="java.lang.NullPointerException">
      <![CDATA[java.lang.NullPointerException
at com.AssessmentDimension.GetRequest.testForGET(GetRequest.java:34)
... Removed 25 stack frames]]>
    </failure>
  </testcase> <!-- testForGET -->
  <testcase name="testForGET" time="1.439" classname="com.AssessmentDimension.GetRequest">
    <failure type="java.lang.NullPointerException">
      <![CDATA[java.lang.NullPointerException
at com.AssessmentDimension.GetRequest.testForGET(GetRequest.java:34)
... Removed 25 stack frames]]>
    </failure>
  </testcase> <!-- testForGET -->
  <testcase name="testForGET" time="1.517" classname="com.AssessmentDimension.GetRequest">
    <failure type="java.lang.NullPointerException">
      <![CDATA[java.lang.NullPointerException
at com.AssessmentDimension.GetRequest.testForGET(GetRequest.java:34)
... Removed 25 stack frames]]>
    </failure>
  </testcase> <!-- testForGET -->
  <testcase name="testForGET" time="1.439" classname="com.AssessmentDimension.GetRequest">
    <failure type="java.lang.NullPointerException">
      <![CDATA[java.lang.NullPointerException
at com.AssessmentDimension.GetRequest.testForGET(GetRequest.java:34)
... Removed 25 stack frames]]>
    </failure>
  </testcase> <!-- testForGET -->
  <testcase name="testForGET" time="1.466" classname="com.AssessmentDimension.GetRequest">
    <failure type="java.lang.NullPointerException">
      <![CDATA[java.lang.NullPointerException
at com.AssessmentDimension.GetRequest.testForGET(GetRequest.java:34)
... Removed 25 stack frames]]>
    </failure>
  </testcase> <!-- testForGET -->
  <testcase name="testForGET" time="1.435" classname="com.AssessmentDimension.GetRequest">
    <failure type="java.lang.NullPointerException">
      <![CDATA[java.lang.NullPointerException
at com.AssessmentDimension.GetRequest.testForGET(GetRequest.java:34)
... Removed 25 stack frames]]>
    </failure>
  </testcase> <!-- testForGET -->
  <testcase name="testForGET" time="1.537" classname="com.AssessmentDimension.GetRequest">
    <failure type="java.lang.NullPointerException">
      <![CDATA[java.lang.NullPointerException
at com.AssessmentDimension.GetRequest.testForGET(GetRequest.java:34)
... Removed 25 stack frames]]>
    </failure>
  </testcase> <!-- testForGET -->
  <testcase name="testForGET" time="1.939" classname="com.AssessmentDimension.GetRequest">
    <failure type="java.lang.NullPointerException">
      <![CDATA[java.lang.NullPointerException
at com.AssessmentDimension.GetRequest.testForGET(GetRequest.java:34)
... Removed 25 stack frames]]>
    </failure>
  </testcase> <!-- testForGET -->
  <testcase name="testForGET" time="1.47" classname="com.AssessmentDimension.GetRequest">
    <failure type="java.lang.NullPointerException">
      <![CDATA[java.lang.NullPointerException
at com.AssessmentDimension.GetRequest.testForGET(GetRequest.java:34)
... Removed 24 stack frames]]>
    </failure>
  </testcase> <!-- testForGET -->
  <testcase name="testForGET" time="1.451" classname="com.AssessmentDimension.GetRequest">
    <failure type="java.lang.NullPointerException">
      <![CDATA[java.lang.NullPointerException
at com.AssessmentDimension.GetRequest.testForGET(GetRequest.java:34)
... Removed 24 stack frames]]>
    </failure>
  </testcase> <!-- testForGET -->
  <testcase name="testForGET" time="1.475" classname="com.AssessmentDimension.GetRequest">
    <failure type="java.lang.NullPointerException">
      <![CDATA[java.lang.NullPointerException
at com.AssessmentDimension.GetRequest.testForGET(GetRequest.java:34)
... Removed 24 stack frames]]>
    </failure>
  </testcase> <!-- testForGET -->
  <testcase name="testForGET" time="1.429" classname="com.AssessmentDimension.GetRequest">
    <failure type="java.lang.NullPointerException">
      <![CDATA[java.lang.NullPointerException
at com.AssessmentDimension.GetRequest.testForGET(GetRequest.java:34)
... Removed 24 stack frames]]>
    </failure>
  </testcase> <!-- testForGET -->
  <testcase name="testForGET" time="1.467" classname="com.AssessmentDimension.GetRequest">
    <failure type="java.lang.NullPointerException">
      <![CDATA[java.lang.NullPointerException
at com.AssessmentDimension.GetRequest.testForGET(GetRequest.java:34)
... Removed 24 stack frames]]>
    </failure>
  </testcase> <!-- testForGET -->
  <testcase name="testForGET" time="1.544" classname="com.AssessmentDimension.GetRequest">
    <failure type="java.lang.NullPointerException">
      <![CDATA[java.lang.NullPointerException
at com.AssessmentDimension.GetRequest.testForGET(GetRequest.java:34)
... Removed 24 stack frames]]>
    </failure>
  </testcase> <!-- testForGET -->
  <testcase name="testForGET" time="1.437" classname="com.AssessmentDimension.GetRequest">
    <failure type="java.lang.NullPointerException">
      <![CDATA[java.lang.NullPointerException
at com.AssessmentDimension.GetRequest.testForGET(GetRequest.java:34)
... Removed 24 stack frames]]>
    </failure>
  </testcase> <!-- testForGET -->
  <testcase name="testForGET" time="1.426" classname="com.AssessmentDimension.GetRequest">
    <failure type="java.lang.NullPointerException">
      <![CDATA[java.lang.NullPointerException
at com.AssessmentDimension.GetRequest.testForGET(GetRequest.java:34)
... Removed 24 stack frames]]>
    </failure>
  </testcase> <!-- testForGET -->
  <testcase name="testForGET" time="1.412" classname="com.AssessmentDimension.GetRequest">
    <failure type="java.lang.NullPointerException">
      <![CDATA[java.lang.NullPointerException
at com.AssessmentDimension.GetRequest.testForGET(GetRequest.java:34)
... Removed 24 stack frames]]>
    </failure>
  </testcase> <!-- testForGET -->
  <testcase name="testForGET" time="1.423" classname="com.AssessmentDimension.GetRequest">
    <failure type="java.lang.NullPointerException">
      <![CDATA[java.lang.NullPointerException
at com.AssessmentDimension.GetRequest.testForGET(GetRequest.java:34)
... Removed 24 stack frames]]>
    </failure>
  </testcase> <!-- testForGET -->
  <testcase name="testForGET" time="1.405" classname="com.AssessmentDimension.GetRequest">
    <failure type="java.lang.NullPointerException">
      <![CDATA[java.lang.NullPointerException
at com.AssessmentDimension.GetRequest.testForGET(GetRequest.java:34)
... Removed 24 stack frames]]>
    </failure>
  </testcase> <!-- testForGET -->
  <testcase name="testForGET" time="1.447" classname="com.AssessmentDimension.GetRequest">
    <failure type="java.lang.NullPointerException">
      <![CDATA[java.lang.NullPointerException
at com.AssessmentDimension.GetRequest.testForGET(GetRequest.java:34)
... Removed 24 stack frames]]>
    </failure>
  </testcase> <!-- testForGET -->
  <testcase name="testForGET" time="1.468" classname="com.AssessmentDimension.GetRequest">
    <failure type="java.lang.NullPointerException">
      <![CDATA[java.lang.NullPointerException
at com.AssessmentDimension.GetRequest.testForGET(GetRequest.java:34)
... Removed 24 stack frames]]>
    </failure>
  </testcase> <!-- testForGET -->
  <testcase name="testForGET" time="1.433" classname="com.AssessmentDimension.GetRequest">
    <failure type="java.lang.NullPointerException">
      <![CDATA[java.lang.NullPointerException
at com.AssessmentDimension.GetRequest.testForGET(GetRequest.java:34)
... Removed 24 stack frames]]>
    </failure>
  </testcase> <!-- testForGET -->
  <testcase name="testForGET" time="1.456" classname="com.AssessmentDimension.GetRequest">
    <failure type="java.lang.NullPointerException">
      <![CDATA[java.lang.NullPointerException
at com.AssessmentDimension.GetRequest.testForGET(GetRequest.java:34)
... Removed 24 stack frames]]>
    </failure>
  </testcase> <!-- testForGET -->
  <testcase name="testForGET" time="1.416" classname="com.AssessmentDimension.GetRequest">
    <failure type="java.lang.NullPointerException">
      <![CDATA[java.lang.NullPointerException
at com.AssessmentDimension.GetRequest.testForGET(GetRequest.java:34)
... Removed 24 stack frames]]>
    </failure>
  </testcase> <!-- testForGET -->
  <testcase name="testForGET" time="1.432" classname="com.AssessmentDimension.GetRequest">
    <failure type="java.lang.NullPointerException">
      <![CDATA[java.lang.NullPointerException
at com.AssessmentDimension.GetRequest.testForGET(GetRequest.java:34)
... Removed 24 stack frames]]>
    </failure>
  </testcase> <!-- testForGET -->
  <testcase name="testForGET" time="1.402" classname="com.AssessmentDimension.GetRequest">
    <failure type="java.lang.NullPointerException">
      <![CDATA[java.lang.NullPointerException
at com.AssessmentDimension.GetRequest.testForGET(GetRequest.java:34)
... Removed 24 stack frames]]>
    </failure>
  </testcase> <!-- testForGET -->
  <testcase name="testForGET" time="1.415" classname="com.AssessmentDimension.GetRequest">
    <failure type="java.lang.NullPointerException">
      <![CDATA[java.lang.NullPointerException
at com.AssessmentDimension.GetRequest.testForGET(GetRequest.java:34)
... Removed 24 stack frames]]>
    </failure>
  </testcase> <!-- testForGET -->
  <testcase name="testForGET" time="1.406" classname="com.AssessmentDimension.GetRequest">
    <failure type="java.lang.NullPointerException">
      <![CDATA[java.lang.NullPointerException
at com.AssessmentDimension.GetRequest.testForGET(GetRequest.java:34)
... Removed 24 stack frames]]>
    </failure>
  </testcase> <!-- testForGET -->
  <testcase name="testForGET" time="1.463" classname="com.AssessmentDimension.GetRequest">
    <failure type="java.lang.NullPointerException">
      <![CDATA[java.lang.NullPointerException
at com.AssessmentDimension.GetRequest.testForGET(GetRequest.java:34)
... Removed 24 stack frames]]>
    </failure>
  </testcase> <!-- testForGET -->
  <testcase name="testForGET" time="1.424" classname="com.AssessmentDimension.GetRequest">
    <failure type="java.lang.NullPointerException">
      <![CDATA[java.lang.NullPointerException
at com.AssessmentDimension.GetRequest.testForGET(GetRequest.java:34)
... Removed 24 stack frames]]>
    </failure>
  </testcase> <!-- testForGET -->
  <testcase name="testForGET" time="1.432" classname="com.AssessmentDimension.GetRequest">
    <failure type="java.lang.NullPointerException">
      <![CDATA[java.lang.NullPointerException
at com.AssessmentDimension.GetRequest.testForGET(GetRequest.java:34)
... Removed 24 stack frames]]>
    </failure>
  </testcase> <!-- testForGET -->
  <testcase name="testForGET" time="1.435" classname="com.AssessmentDimension.GetRequest">
    <failure type="java.lang.NullPointerException">
      <![CDATA[java.lang.NullPointerException
at com.AssessmentDimension.GetRequest.testForGET(GetRequest.java:34)
... Removed 24 stack frames]]>
    </failure>
  </testcase> <!-- testForGET -->
  <testcase name="testForGET" time="1.426" classname="com.AssessmentDimension.GetRequest">
    <failure type="java.lang.NullPointerException">
      <![CDATA[java.lang.NullPointerException
at com.AssessmentDimension.GetRequest.testForGET(GetRequest.java:34)
... Removed 24 stack frames]]>
    </failure>
  </testcase> <!-- testForGET -->
  <testcase name="testForGET" time="1.4" classname="com.AssessmentDimension.GetRequest">
    <failure type="java.lang.NullPointerException">
      <![CDATA[java.lang.NullPointerException
at com.AssessmentDimension.GetRequest.testForGET(GetRequest.java:34)
... Removed 24 stack frames]]>
    </failure>
  </testcase> <!-- testForGET -->
  <testcase name="testForGET" time="1.469" classname="com.AssessmentDimension.GetRequest">
    <failure type="java.lang.NullPointerException">
      <![CDATA[java.lang.NullPointerException
at com.AssessmentDimension.GetRequest.testForGET(GetRequest.java:34)
... Removed 24 stack frames]]>
    </failure>
  </testcase> <!-- testForGET -->
  <testcase name="testForGET" time="1.437" classname="com.AssessmentDimension.GetRequest">
    <failure type="java.lang.NullPointerException">
      <![CDATA[java.lang.NullPointerException
at com.AssessmentDimension.GetRequest.testForGET(GetRequest.java:34)
... Removed 24 stack frames]]>
    </failure>
  </testcase> <!-- testForGET -->
  <testcase name="testForGET" time="1.425" classname="com.AssessmentDimension.GetRequest">
    <failure type="java.lang.NullPointerException">
      <![CDATA[java.lang.NullPointerException
at com.AssessmentDimension.GetRequest.testForGET(GetRequest.java:34)
... Removed 24 stack frames]]>
    </failure>
  </testcase> <!-- testForGET -->
  <testcase name="testForGET" time="1.414" classname="com.AssessmentDimension.GetRequest">
    <failure type="java.lang.NullPointerException">
      <![CDATA[java.lang.NullPointerException
at com.AssessmentDimension.GetRequest.testForGET(GetRequest.java:34)
... Removed 24 stack frames]]>
    </failure>
  </testcase> <!-- testForGET -->
  <testcase name="testForGET" time="1.415" classname="com.AssessmentDimension.GetRequest">
    <failure type="java.lang.NullPointerException">
      <![CDATA[java.lang.NullPointerException
at com.AssessmentDimension.GetRequest.testForGET(GetRequest.java:34)
... Removed 24 stack frames]]>
    </failure>
  </testcase> <!-- testForGET -->
  <testcase name="testForGET" time="1.447" classname="com.AssessmentDimension.GetRequest">
    <failure type="java.lang.NullPointerException">
      <![CDATA[java.lang.NullPointerException
at com.AssessmentDimension.GetRequest.testForGET(GetRequest.java:34)
... Removed 24 stack frames]]>
    </failure>
  </testcase> <!-- testForGET -->
  <testcase name="testForGET" time="2.441" classname="com.AssessmentDimension.GetRequest">
    <failure type="java.lang.NullPointerException">
      <![CDATA[java.lang.NullPointerException
at com.AssessmentDimension.GetRequest.testForGET(GetRequest.java:34)
... Removed 24 stack frames]]>
    </failure>
  </testcase> <!-- testForGET -->
  <testcase name="testForGET" time="1.473" classname="com.AssessmentDimension.GetRequest">
    <failure type="java.lang.NullPointerException">
      <![CDATA[java.lang.NullPointerException
at com.AssessmentDimension.GetRequest.testForGET(GetRequest.java:34)
... Removed 24 stack frames]]>
    </failure>
  </testcase> <!-- testForGET -->
  <testcase name="testForGET" time="2.215" classname="com.AssessmentDimension.GetRequest">
    <failure type="java.lang.NullPointerException">
      <![CDATA[java.lang.NullPointerException
at com.AssessmentDimension.GetRequest.testForGET(GetRequest.java:34)
... Removed 24 stack frames]]>
    </failure>
  </testcase> <!-- testForGET -->
  <testcase name="testForGET" time="1.428" classname="com.AssessmentDimension.GetRequest">
    <failure type="java.lang.NullPointerException">
      <![CDATA[java.lang.NullPointerException
at com.AssessmentDimension.GetRequest.testForGET(GetRequest.java:34)
... Removed 24 stack frames]]>
    </failure>
  </testcase> <!-- testForGET -->
  <testcase name="testForGET" time="2.139" classname="com.AssessmentDimension.GetRequest">
    <failure type="java.lang.NullPointerException">
      <![CDATA[java.lang.NullPointerException
at com.AssessmentDimension.GetRequest.testForGET(GetRequest.java:34)
... Removed 24 stack frames]]>
    </failure>
  </testcase> <!-- testForGET -->
  <testcase name="testForGET" time="2.303" classname="com.AssessmentDimension.GetRequest">
    <failure type="java.lang.NullPointerException">
      <![CDATA[java.lang.NullPointerException
at com.AssessmentDimension.GetRequest.testForGET(GetRequest.java:34)
... Removed 24 stack frames]]>
    </failure>
  </testcase> <!-- testForGET -->
  <testcase name="testForGET" time="1.597" classname="com.AssessmentDimension.GetRequest">
    <failure type="java.lang.NullPointerException">
      <![CDATA[java.lang.NullPointerException
at com.AssessmentDimension.GetRequest.testForGET(GetRequest.java:34)
... Removed 24 stack frames]]>
    </failure>
  </testcase> <!-- testForGET -->
  <testcase name="testForGET" time="1.56" classname="com.AssessmentDimension.GetRequest">
    <failure type="java.lang.NullPointerException">
      <![CDATA[java.lang.NullPointerException
at com.AssessmentDimension.GetRequest.testForGET(GetRequest.java:34)
... Removed 24 stack frames]]>
    </failure>
  </testcase> <!-- testForGET -->
</testsuite> <!-- GetTest -->
