<?xml version="1.0" encoding="UTF-8"?>
<!-- Generated by org.testng.reporters.JUnitXMLReporter -->
<testsuite ignored="3" hostname="Singarajan" failures="4" tests="6" name="POSTandGET" time="12.733" errors="0" timestamp="03 Jan 2023 12:03:29 GMT">
  <testcase classname="com.ELI_Assesments.Assesments_config" name="testForPOST" time="5.598">
    <failure type="java.lang.AssertionError" message="expected [201] but found [400]">
      <![CDATA[java.lang.AssertionError: expected [201] but found [400]
at com.ELI_Assesments.Assesments_config.testForPOST(Assesments_config.java:45)
... Removed 31 stack frames]]>
    </failure>
  </testcase> <!-- testForPOST -->
  <testcase classname="com.ELI_Assesments.Assesments_config" name="testForPOST" time="0.862">
    <failure type="java.lang.AssertionError" message="expected [201] but found [400]">
      <![CDATA[java.lang.AssertionError: expected [201] but found [400]
at com.ELI_Assesments.Assesments_config.testForPOST(Assesments_config.java:45)
... Removed 31 stack frames]]>
    </failure>
  </testcase> <!-- testForPOST -->
  <testcase classname="com.ELI_Assesments.Assesments_config" name="testForPOST" time="0.98">
    <failure type="java.lang.AssertionError" message="expected [201] but found [400]">
      <![CDATA[java.lang.AssertionError: expected [201] but found [400]
at com.ELI_Assesments.Assesments_config.testForPOST(Assesments_config.java:45)
... Removed 31 stack frames]]>
    </failure>
  </testcase> <!-- testForPOST -->
  <testcase classname="com.ELI_Assesments.Assesments_config" name="testForPOSTVerification" time="2.863"/>
  <testcase classname="com.ELI_Assesments.Assesments_config" name="testForPOSTVerification" time="0.897">
    <failure type="java.lang.AssertionError" message="expected [true] but found [false]">
      <![CDATA[java.lang.AssertionError: expected [true] but found [false]
at com.ELI_Assesments.Assesments_config.testForPOSTVerification(Assesments_config.java:76)
... Removed 29 stack frames]]>
    </failure>
  </testcase> <!-- testForPOSTVerification -->
  <testcase classname="com.ELI_Assesments.Assesments_config" name="testForPOSTVerification" time="0.911"/>
  <testcase classname="com.ELI_Assesments.Assesments_config" name="testForDELETE" time="0.0">
    <ignored/>
  </testcase> <!-- testForDELETE -->
  <testcase classname="com.ELI_Assesments.Assesments_config" name="verificationForGETandPUT" time="0.0">
    <ignored/>
  </testcase> <!-- verificationForGETandPUT -->
  <testcase classname="com.ELI_Assesments.Assesments_config" name="testForGETandPUT" time="0.0">
    <ignored/>
  </testcase> <!-- testForGETandPUT -->
</testsuite> <!-- POSTandGET -->
