<?xml version="1.0" encoding="UTF-8"?>
<!-- Generated by org.testng.reporters.JUnitXMLReporter -->
<testsuite ignored="0" hostname="Singarajan" failures="2" tests="21" name="PostTest" time="68.17" errors="0" timestamp="09 Jan 2023 08:14:42 GMT">
  <testcase classname="com.AssessmentDimension.PostRequest" name="testForPOST4" time="38.439">
    <failure type="java.lang.AssertionError" message="expected [201] but found [400]">
      <![CDATA[java.lang.AssertionError: expected [201] but found [400]
at com.AssessmentDimension.PostRequest.testForPOST4(PostRequest.java:38)
... Removed 30 stack frames]]>
    </failure>
  </testcase> <!-- testForPOST4 -->
  <testcase classname="com.AssessmentDimension.PostRequest" name="testForPOST4" time="0.915"/>
  <testcase classname="com.AssessmentDimension.PostRequest" name="testForPOST4" time="0.877"/>
  <testcase classname="com.AssessmentDimension.PostRequest" name="testForPOST4" time="0.874"/>
  <testcase classname="com.AssessmentDimension.PostRequest" name="testForPOST4" time="0.916"/>
  <testcase classname="com.AssessmentDimension.PostRequest" name="testForPOST3" time="1.087">
    <failure type="java.lang.AssertionError" message="expected [201] but found [400]">
      <![CDATA[java.lang.AssertionError: expected [201] but found [400]
at com.AssessmentDimension.PostRequest.testForPOST3(PostRequest.java:57)
... Removed 30 stack frames]]>
    </failure>
  </testcase> <!-- testForPOST3 -->
  <testcase classname="com.AssessmentDimension.PostRequest" name="testForPOST3" time="1.109"/>
  <testcase classname="com.AssessmentDimension.PostRequest" name="testForPOST3" time="1.291"/>
  <testcase classname="com.AssessmentDimension.PostRequest" name="testForPOST3" time="0.954"/>
  <testcase classname="com.AssessmentDimension.PostRequest" name="testForPOST3" time="0.878"/>
  <testcase classname="com.AssessmentDimension.PostRequest" name="testForPOST2" time="0.888"/>
  <testcase classname="com.AssessmentDimension.PostRequest" name="testForPOST2" time="0.898"/>
  <testcase classname="com.AssessmentDimension.PostRequest" name="testForPOST2" time="0.898"/>
  <testcase classname="com.AssessmentDimension.PostRequest" name="testForPOST2" time="0.893"/>
  <testcase classname="com.AssessmentDimension.PostRequest" name="testForPOST2" time="1.057"/>
  <testcase classname="com.AssessmentDimension.PostRequest" name="testForPOST2" time="0.945"/>
  <testcase classname="com.AssessmentDimension.PostRequest" name="testForPOST2" time="0.895"/>
  <testcase classname="com.AssessmentDimension.PostRequest" name="testForPOST1" time="0.865"/>
  <testcase classname="com.AssessmentDimension.PostRequest" name="testForPOST1" time="0.875"/>
  <testcase classname="com.AssessmentDimension.PostRequest" name="testForPOST1" time="0.857"/>
  <testcase classname="com.AssessmentDimension.PostRequest" name="testForPOST1" time="0.864"/>
</testsuite> <!-- PostTest -->
