<?xml version="1.0" encoding="UTF-8"?>
<!-- Generated by org.testng.reporters.JUnitXMLReporter -->
<testsuite ignored="0" hostname="Singarajan" failures="3" tests="27" name="PutTest" time="30.136" errors="0" timestamp="09 Jan 2023 08:15:12 GMT">
  <testcase classname="com.AssessmentDimension.PutRequest" name="testForPUT5" time="1.081">
    <failure type="java.lang.AssertionError" message="expected [201] but found [400]">
      <![CDATA[java.lang.AssertionError: expected [201] but found [400]
at com.AssessmentDimension.PutRequest.testForPUT5(PutRequest.java:41)
... Removed 30 stack frames]]>
    </failure>
  </testcase> <!-- testForPUT5 -->
  <testcase classname="com.AssessmentDimension.PutRequest" name="testForPUT5" time="0.846"/>
  <testcase classname="com.AssessmentDimension.PutRequest" name="testForPUT5" time="1.007"/>
  <testcase classname="com.AssessmentDimension.PutRequest" name="testForPUT5" time="0.866"/>
  <testcase classname="com.AssessmentDimension.PutRequest" name="testForPUT5" time="0.857"/>
  <testcase classname="com.AssessmentDimension.PutRequest" name="testForPUT5" time="0.921"/>
  <testcase classname="com.AssessmentDimension.PutRequest" name="testForPUT5" time="0.999"/>
  <testcase classname="com.AssessmentDimension.PutRequest" name="testForPUT5" time="1.261">
    <failure type="java.lang.AssertionError" message="expected [201] but found [400]">
      <![CDATA[java.lang.AssertionError: expected [201] but found [400]
at com.AssessmentDimension.PutRequest.testForPUT5(PutRequest.java:41)
... Removed 30 stack frames]]>
    </failure>
  </testcase> <!-- testForPUT5 -->
  <testcase classname="com.AssessmentDimension.PutRequest" name="testForPUT4" time="1.091"/>
  <testcase classname="com.AssessmentDimension.PutRequest" name="testForPUT4" time="0.863"/>
  <testcase classname="com.AssessmentDimension.PutRequest" name="testForPUT4" time="1.108">
    <failure type="java.lang.AssertionError" message="expected [201] but found [400]">
      <![CDATA[java.lang.AssertionError: expected [201] but found [400]
at com.AssessmentDimension.PutRequest.testForPUT4(PutRequest.java:61)
... Removed 30 stack frames]]>
    </failure>
  </testcase> <!-- testForPUT4 -->
  <testcase classname="com.AssessmentDimension.PutRequest" name="testForPUT4" time="0.871"/>
  <testcase classname="com.AssessmentDimension.PutRequest" name="testForPUT4" time="0.974"/>
  <testcase classname="com.AssessmentDimension.PutRequest" name="testForPUT3" time="1.066"/>
  <testcase classname="com.AssessmentDimension.PutRequest" name="testForPUT3" time="0.866"/>
  <testcase classname="com.AssessmentDimension.PutRequest" name="testForPUT3" time="0.983"/>
  <testcase classname="com.AssessmentDimension.PutRequest" name="testForPUT3" time="1.148"/>
  <testcase classname="com.AssessmentDimension.PutRequest" name="testForPUT3" time="1.2"/>
  <testcase classname="com.AssessmentDimension.PutRequest" name="testForPUT2" time="1.088"/>
  <testcase classname="com.AssessmentDimension.PutRequest" name="testForPUT2" time="0.993"/>
  <testcase classname="com.AssessmentDimension.PutRequest" name="testForPUT2" time="0.988"/>
  <testcase classname="com.AssessmentDimension.PutRequest" name="testForPUT2" time="0.982"/>
  <testcase classname="com.AssessmentDimension.PutRequest" name="testForPUT1" time="0.917"/>
  <testcase classname="com.AssessmentDimension.PutRequest" name="testForPUT1" time="0.958"/>
  <testcase classname="com.AssessmentDimension.PutRequest" name="testForPUT1" time="0.99"/>
  <testcase classname="com.AssessmentDimension.PutRequest" name="testForPUT1" time="1.135"/>
  <testcase classname="com.AssessmentDimension.PutRequest" name="testForPUT1" time="1.223"/>
</testsuite> <!-- PutTest -->
