<?xml version="1.0" encoding="UTF-8"?>
<!-- Generated by org.testng.reporters.JUnitXMLReporter -->
<testsuite hostname="Singarajan" ignored="0" name="Test" tests="1" failures="1" timestamp="09 Jan 2023 11:48:32 GMT" time="7.053" errors="0">
  <testcase name="testForGET" time="6.631" classname="com.AssessmentQuestion.GetRequest">
    <failure type="java.lang.AssertionError" message="expected [201] but found [200]">
      <![CDATA[java.lang.AssertionError: expected [201] but found [200]
at com.AssessmentQuestion.GetRequest.testForGET(GetRequest.java:43)
... Removed 31 stack frames]]>
    </failure>
  </testcase> <!-- testForGET -->
</testsuite> <!-- Test -->
