<?xml version="1.0" encoding="UTF-8"?>
<!-- Generated by org.testng.reporters.JUnitXMLReporter -->
<testsuite ignored="2" hostname="Singarajan" failures="4" tests="6" name="Test2" time="9.015" errors="0" timestamp="29 Dec 2022 13:15:22 GMT">
  <testcase classname="com.ELI_Assesments.Config_Assesments" name="testForPUT" time="4.197"/>
  <testcase classname="com.ELI_Assesments.Config_Assesments" name="testForPUT" time="0.883"/>
  <testcase classname="com.ELI_Assesments.Config_Assesments" name="testForDELETE" time="0.893">
    <failure type="java.lang.AssertionError" message="expected [200] but found [201]">
      <![CDATA[java.lang.AssertionError: expected [200] but found [201]
at com.ELI_Assesments.Config_Assesments.testForDELETE(Config_Assesments.java:77)
... Removed 31 stack frames]]>
    </failure>
  </testcase> <!-- testForDELETE -->
  <testcase classname="com.ELI_Assesments.Config_Assesments" name="testForDELETE" time="0.862">
    <failure type="java.lang.AssertionError" message="expected [200] but found [201]">
      <![CDATA[java.lang.AssertionError: expected [200] but found [201]
at com.ELI_Assesments.Config_Assesments.testForDELETE(Config_Assesments.java:77)
... Removed 31 stack frames]]>
    </failure>
  </testcase> <!-- testForDELETE -->
  <testcase classname="com.ELI_Assesments.Config_Assesments" name="testForDELETE" time="0.891">
    <failure type="java.lang.AssertionError" message="expected [200] but found [201]">
      <![CDATA[java.lang.AssertionError: expected [200] but found [201]
at com.ELI_Assesments.Config_Assesments.testForDELETE(Config_Assesments.java:77)
... Removed 31 stack frames]]>
    </failure>
  </testcase> <!-- testForDELETE -->
  <testcase classname="com.ELI_Assesments.Config_Assesments" name="testForDELETE" time="1.212">
    <failure type="java.lang.AssertionError" message="expected [200] but found [201]">
      <![CDATA[java.lang.AssertionError: expected [200] but found [201]
at com.ELI_Assesments.Config_Assesments.testForDELETE(Config_Assesments.java:77)
... Removed 31 stack frames]]>
    </failure>
  </testcase> <!-- testForDELETE -->
  <testcase classname="com.ELI_Assesments.Config_Assesments" name="testForPOST" time="0.0">
    <ignored/>
  </testcase> <!-- testForPOST -->
  <testcase classname="com.ELI_Assesments.Config_Assesments" name="testForGET" time="0.0">
    <ignored/>
  </testcase> <!-- testForGET -->
</testsuite> <!-- Test2 -->
