<?xml version="1.0" encoding="UTF-8"?>
<testng-results skipped="0" failed="0" ignored="0" total="1" passed="1">
  <reporter-output>
  </reporter-output>
  <suite name="Default suite" duration-ms="7556" started-at="2023-01-20T12:47:13Z" finished-at="2023-01-20T12:47:21Z">
    <groups>
    </groups>
    <test name="Default test" duration-ms="7556" started-at="2023-01-20T12:47:13Z" finished-at="2023-01-20T12:47:21Z">
      <class name="com.AssessmentTemplate.GetRequest">
        <test-method status="PASS" signature="testForGET()[pri:0, instance:com.AssessmentTemplate.GetRequest@963176]" name="testForGET" duration-ms="6961" started-at="2023-01-20T12:47:14Z" finished-at="2023-01-20T12:47:20Z">
          <reporter-output>
          </reporter-output>
        </test-method> <!-- testForGET -->
      </class> <!-- com.AssessmentTemplate.GetRequest -->
    </test> <!-- Default test -->
  </suite> <!-- Default suite -->
</testng-results>
